Performing C SOURCE FILE Test CMAKE_HAVE_LIBC_PTHREAD failed with the following output:
Change Dir: /home/topaz/repo/GAN-cplus/build/CMakeFiles/CMakeScratch/TryCompile-2Q3tMZ

Run Build Command(s):/usr/bin/make -f Makefile cmTC_c4cc4/fast && /usr/bin/make  -f CMakeFiles/cmTC_c4cc4.dir/build.make CMakeFiles/cmTC_c4cc4.dir/build
make[1]: Entering directory '/home/topaz/repo/GAN-cplus/build/CMakeFiles/CMakeScratch/TryCompile-2Q3tMZ'
Building C object CMakeFiles/cmTC_c4cc4.dir/src.c.o
/usr/bin/gcc -DCMAKE_HAVE_LIBC_PTHREAD   -o CMakeFiles/cmTC_c4cc4.dir/src.c.o -c /home/topaz/repo/GAN-cplus/build/CMakeFiles/CMakeScratch/TryCompile-2Q3tMZ/src.c
Linking C executable cmTC_c4cc4
/usr/bin/cmake -E cmake_link_script CMakeFiles/cmTC_c4cc4.dir/link.txt --verbose=1
/usr/bin/gcc -rdynamic CMakeFiles/cmTC_c4cc4.dir/src.c.o -o cmTC_c4cc4 
/usr/bin/ld: CMakeFiles/cmTC_c4cc4.dir/src.c.o: in function `main':
src.c:(.text+0x46): undefined reference to `pthread_create'
/usr/bin/ld: src.c:(.text+0x52): undefined reference to `pthread_detach'
/usr/bin/ld: src.c:(.text+0x5e): undefined reference to `pthread_cancel'
/usr/bin/ld: src.c:(.text+0x6f): undefined reference to `pthread_join'
collect2: error: ld returned 1 exit status
make[1]: *** [CMakeFiles/cmTC_c4cc4.dir/build.make:99: cmTC_c4cc4] Error 1
make[1]: Leaving directory '/home/topaz/repo/GAN-cplus/build/CMakeFiles/CMakeScratch/TryCompile-2Q3tMZ'
make: *** [Makefile:127: cmTC_c4cc4/fast] Error 2


Source file was:
#include <pthread.h>

static void* test_func(void* data)
{
  return data;
}

int main(void)
{
  pthread_t thread;
  pthread_create(&thread, NULL, test_func, NULL);
  pthread_detach(thread);
  pthread_cancel(thread);
  pthread_join(thread, NULL);
  pthread_atfork(NULL, NULL, NULL);
  pthread_exit(NULL);

  return 0;
}


Determining if the function pthread_create exists in the pthreads failed with the following output:
Change Dir: /home/topaz/repo/GAN-cplus/build/CMakeFiles/CMakeScratch/TryCompile-Zbh7I1

Run Build Command(s):/usr/bin/make -f Makefile cmTC_ab0a9/fast && /usr/bin/make  -f CMakeFiles/cmTC_ab0a9.dir/build.make CMakeFiles/cmTC_ab0a9.dir/build
make[1]: Entering directory '/home/topaz/repo/GAN-cplus/build/CMakeFiles/CMakeScratch/TryCompile-Zbh7I1'
Building C object CMakeFiles/cmTC_ab0a9.dir/CheckFunctionExists.c.o
/usr/bin/gcc   -DCHECK_FUNCTION_EXISTS=pthread_create -o CMakeFiles/cmTC_ab0a9.dir/CheckFunctionExists.c.o -c /home/topaz/repo/GAN-cplus/build/CMakeFiles/CMakeScratch/TryCompile-Zbh7I1/CheckFunctionExists.c
Linking C executable cmTC_ab0a9
/usr/bin/cmake -E cmake_link_script CMakeFiles/cmTC_ab0a9.dir/link.txt --verbose=1
/usr/bin/gcc  -DCHECK_FUNCTION_EXISTS=pthread_create -rdynamic CMakeFiles/cmTC_ab0a9.dir/CheckFunctionExists.c.o -o cmTC_ab0a9  -lpthreads 
/usr/bin/ld: cannot find -lpthreads
collect2: error: ld returned 1 exit status
make[1]: *** [CMakeFiles/cmTC_ab0a9.dir/build.make:99: cmTC_ab0a9] Error 1
make[1]: Leaving directory '/home/topaz/repo/GAN-cplus/build/CMakeFiles/CMakeScratch/TryCompile-Zbh7I1'
make: *** [Makefile:127: cmTC_ab0a9/fast] Error 2



